<?xml version="1.0" encoding="UTF-8"?>
<!-- Generated by org.testng.reporters.JUnitXMLReporter -->
<testsuite hostname="DESKTOP-D96Q9MV" ignored="0" name="Testing demo tricen page on firefox" tests="2" failures="0" timestamp="2021-01-14T13:13:06 GMT" time="35.767" errors="0">
  <testcase name="checkPageTitle" time="3.09" classname="GridTest.SauceLabs.LoginTest"/>
  <testcase name="checkLoggedUser" time="3.009" classname="GridTest.SauceLabs.LoginTest"/>
</testsuite> <!-- Testing demo tricen page on firefox -->
