<?xml version="1.0" encoding="UTF-8"?>
<testng-results skipped="0" failed="0" ignored="0" total="4" passed="4">
  <reporter-output>
  </reporter-output>
  <suite name="First sauc Lab test Suite" duration-ms="38590" started-at="2021-01-14T13:36:29 GMT" finished-at="2021-01-14T13:37:08 GMT">
    <groups>
    </groups>
    <test name="Testing demo tricen page on chrome" duration-ms="24774" started-at="2021-01-14T13:36:29 GMT" finished-at="2021-01-14T13:36:54 GMT">
      <class name="GridTest.SauceLabs.LoginTest">
        <test-method status="PASS" signature="setup(java.lang.String, java.lang.String, java.lang.reflect.Method)[pri:0, instance:GridTest.SauceLabs.LoginTest@78c03f1f]" name="setup" is-config="true" duration-ms="12538" started-at="2021-01-14T13:36:29 GMT" finished-at="2021-01-14T13:36:42 GMT">
          <params>
            <param index="0">
              <value>
                <![CDATA[chrome]]>
              </value>
            </param>
            <param index="1">
              <value>
                <![CDATA[Windows 10]]>
              </value>
            </param>
            <param index="2">
              <value>
                <![CDATA[public void GridTest.SauceLabs.LoginTest.checkPageTitle()]]>
              </value>
            </param>
          </params>
          <reporter-output>
          </reporter-output>
        </test-method> <!-- setup -->
        <test-method status="PASS" signature="checkPageTitle()[pri:1, instance:GridTest.SauceLabs.LoginTest@78c03f1f]" name="checkPageTitle" duration-ms="2881" started-at="2021-01-14T13:36:42 GMT" finished-at="2021-01-14T13:36:45 GMT">
          <reporter-output>
          </reporter-output>
        </test-method> <!-- checkPageTitle -->
        <test-method status="PASS" signature="teardown()[pri:0, instance:GridTest.SauceLabs.LoginTest@78c03f1f]" name="teardown" is-config="true" duration-ms="275" started-at="2021-01-14T13:36:45 GMT" finished-at="2021-01-14T13:36:45 GMT">
          <reporter-output>
          </reporter-output>
        </test-method> <!-- teardown -->
        <test-method status="PASS" signature="setup(java.lang.String, java.lang.String, java.lang.reflect.Method)[pri:0, instance:GridTest.SauceLabs.LoginTest@78c03f1f]" name="setup" is-config="true" duration-ms="5858" started-at="2021-01-14T13:36:45 GMT" finished-at="2021-01-14T13:36:51 GMT">
          <params>
            <param index="0">
              <value>
                <![CDATA[chrome]]>
              </value>
            </param>
            <param index="1">
              <value>
                <![CDATA[Windows 10]]>
              </value>
            </param>
            <param index="2">
              <value>
                <![CDATA[public void GridTest.SauceLabs.LoginTest.checkLoggedUser()]]>
              </value>
            </param>
          </params>
          <reporter-output>
          </reporter-output>
        </test-method> <!-- setup -->
        <test-method status="PASS" signature="checkLoggedUser()[pri:2, instance:GridTest.SauceLabs.LoginTest@78c03f1f]" name="checkLoggedUser" duration-ms="2954" started-at="2021-01-14T13:36:51 GMT" finished-at="2021-01-14T13:36:54 GMT">
          <reporter-output>
          </reporter-output>
        </test-method> <!-- checkLoggedUser -->
        <test-method status="PASS" signature="teardown()[pri:0, instance:GridTest.SauceLabs.LoginTest@78c03f1f]" name="teardown" is-config="true" duration-ms="173" started-at="2021-01-14T13:36:54 GMT" finished-at="2021-01-14T13:36:54 GMT">
          <reporter-output>
          </reporter-output>
        </test-method> <!-- teardown -->
      </class> <!-- GridTest.SauceLabs.LoginTest -->
    </test> <!-- Testing demo tricen page on chrome -->
    <test name="Testing demo tricen page on firefox" duration-ms="38590" started-at="2021-01-14T13:36:29 GMT" finished-at="2021-01-14T13:37:08 GMT">
      <class name="GridTest.SauceLabs.LoginTest">
        <test-method status="PASS" signature="setup(java.lang.String, java.lang.String, java.lang.reflect.Method)[pri:0, instance:GridTest.SauceLabs.LoginTest@7d907bac]" name="setup" is-config="true" duration-ms="22242" started-at="2021-01-14T13:36:29 GMT" finished-at="2021-01-14T13:36:51 GMT">
          <params>
            <param index="0">
              <value>
                <![CDATA[firefox]]>
              </value>
            </param>
            <param index="1">
              <value>
                <![CDATA[macOS 10.14]]>
              </value>
            </param>
            <param index="2">
              <value>
                <![CDATA[public void GridTest.SauceLabs.LoginTest.checkPageTitle()]]>
              </value>
            </param>
          </params>
          <reporter-output>
          </reporter-output>
        </test-method> <!-- setup -->
        <test-method status="PASS" signature="checkPageTitle()[pri:1, instance:GridTest.SauceLabs.LoginTest@7d907bac]" name="checkPageTitle" duration-ms="3264" started-at="2021-01-14T13:36:51 GMT" finished-at="2021-01-14T13:36:55 GMT">
          <reporter-output>
          </reporter-output>
        </test-method> <!-- checkPageTitle -->
        <test-method status="PASS" signature="teardown()[pri:0, instance:GridTest.SauceLabs.LoginTest@7d907bac]" name="teardown" is-config="true" duration-ms="247" started-at="2021-01-14T13:36:55 GMT" finished-at="2021-01-14T13:36:55 GMT">
          <reporter-output>
          </reporter-output>
        </test-method> <!-- teardown -->
        <test-method status="PASS" signature="setup(java.lang.String, java.lang.String, java.lang.reflect.Method)[pri:0, instance:GridTest.SauceLabs.LoginTest@7d907bac]" name="setup" is-config="true" duration-ms="9658" started-at="2021-01-14T13:36:55 GMT" finished-at="2021-01-14T13:37:05 GMT">
          <params>
            <param index="0">
              <value>
                <![CDATA[firefox]]>
              </value>
            </param>
            <param index="1">
              <value>
                <![CDATA[macOS 10.14]]>
              </value>
            </param>
            <param index="2">
              <value>
                <![CDATA[public void GridTest.SauceLabs.LoginTest.checkLoggedUser()]]>
              </value>
            </param>
          </params>
          <reporter-output>
          </reporter-output>
        </test-method> <!-- setup -->
        <test-method status="PASS" signature="checkLoggedUser()[pri:2, instance:GridTest.SauceLabs.LoginTest@7d907bac]" name="checkLoggedUser" duration-ms="2885" started-at="2021-01-14T13:37:05 GMT" finished-at="2021-01-14T13:37:07 GMT">
          <reporter-output>
          </reporter-output>
        </test-method> <!-- checkLoggedUser -->
        <test-method status="PASS" signature="teardown()[pri:0, instance:GridTest.SauceLabs.LoginTest@7d907bac]" name="teardown" is-config="true" duration-ms="210" started-at="2021-01-14T13:37:07 GMT" finished-at="2021-01-14T13:37:08 GMT">
          <reporter-output>
          </reporter-output>
        </test-method> <!-- teardown -->
      </class> <!-- GridTest.SauceLabs.LoginTest -->
    </test> <!-- Testing demo tricen page on firefox -->
  </suite> <!-- First sauc Lab test Suite -->
</testng-results>
